  Game.cpp
C:\Users\Games\Documents\GitHub\UniGameEngine\SDLMark1\SDLFrameWorkDefault\PositionComponent.h(18,16): warning C4244: '=': conversion from 'int' to 'float', possible loss of data
C:\Users\Games\Documents\GitHub\UniGameEngine\SDLMark1\SDLFrameWorkDefault\PositionComponent.h(19,16): warning C4244: '=': conversion from 'int' to 'float', possible loss of data
C:\Users\Games\Documents\GitHub\UniGameEngine\SDLMark1\SDLFrameWorkDefault\PositionComponent.h(24,16): warning C4244: '=': conversion from 'int' to 'float', possible loss of data
C:\Users\Games\Documents\GitHub\UniGameEngine\SDLMark1\SDLFrameWorkDefault\PositionComponent.h(25,16): warning C4244: '=': conversion from 'int' to 'float', possible loss of data
C:\Users\Games\Documents\GitHub\UniGameEngine\SDLMark1\SDLFrameWorkDefault\PositionComponent.h(32,16): warning C4244: '=': conversion from 'int' to 'float', possible loss of data
C:\Users\Games\Documents\GitHub\UniGameEngine\SDLMark1\SDLFrameWorkDefault\PositionComponent.h(33,16): warning C4244: '=': conversion from 'int' to 'float', possible loss of data
C:\Users\Games\Documents\GitHub\UniGameEngine\SDLMark1\SDLFrameWorkDefault\PositionComponent.h(44,33): warning C4244: 'argument': conversion from 'float' to 'int', possible loss of data
C:\Users\Games\Documents\GitHub\UniGameEngine\SDLMark1\SDLFrameWorkDefault\PositionComponent.h(44,21): warning C4244: 'argument': conversion from 'float' to 'int', possible loss of data
C:\Users\Games\Documents\GitHub\UniGameEngine\SDLMark1\SDLFrameWorkDefault\SpriteComponent.h(36,106): warning C4244: 'argument': conversion from 'float' to 'int', possible loss of data
C:\Users\Games\Documents\GitHub\UniGameEngine\SDLMark1\SDLFrameWorkDefault\SpriteComponent.h(36,73): warning C4244: 'argument': conversion from 'float' to 'int', possible loss of data
C:\Users\Games\Documents\GitHub\UniGameEngine\SDLMark1\SDLFrameWorkDefault\CollisionComponent.h(25,31): warning C4244: '=': conversion from 'int' to 'float', possible loss of data
C:\Users\Games\Documents\GitHub\UniGameEngine\SDLMark1\SDLFrameWorkDefault\CollisionComponent.h(26,31): warning C4244: '=': conversion from 'int' to 'float', possible loss of data
C:\Users\Games\Documents\GitHub\UniGameEngine\SDLMark1\SDLFrameWorkDefault\CollisionComponent.h(32,27): warning C4244: '=': conversion from 'float' to 'int', possible loss of data
C:\Users\Games\Documents\GitHub\UniGameEngine\SDLMark1\SDLFrameWorkDefault\CollisionComponent.h(33,27): warning C4244: '=': conversion from 'float' to 'int', possible loss of data
C:\Users\Games\Documents\GitHub\UniGameEngine\SDLMark1\SDLFrameWorkDefault\CollisionComponent.h(34,28): warning C4244: '=': conversion from 'float' to 'int', possible loss of data
C:\Users\Games\Documents\GitHub\UniGameEngine\SDLMark1\SDLFrameWorkDefault\CollisionComponent.h(35,28): warning C4244: '=': conversion from 'float' to 'int', possible loss of data
C:\Users\Games\Documents\GitHub\UniGameEngine\SDLMark1\SDLFrameWorkDefault\Game.cpp(31,32): warning C4244: '=': conversion from 'double' to 'int', possible loss of data
C:\Users\Games\Documents\GitHub\UniGameEngine\SDLMark1\SDLFrameWorkDefault\Game.cpp(32,33): warning C4244: '=': conversion from 'double' to 'int', possible loss of data
C:\Users\Games\Documents\GitHub\UniGameEngine\SDLMark1\SDLFrameWorkDefault\Game.cpp(33,32): warning C4244: '=': conversion from 'double' to 'int', possible loss of data
C:\Users\Games\Documents\GitHub\UniGameEngine\SDLMark1\SDLFrameWorkDefault\Game.cpp(34,33): warning C4244: '=': conversion from 'double' to 'int', possible loss of data
  Main.cpp
C:\Users\Games\Documents\GitHub\UniGameEngine\SDLMark1\SDLFrameWorkDefault\PositionComponent.h(18,16): warning C4244: '=': conversion from 'int' to 'float', possible loss of data
C:\Users\Games\Documents\GitHub\UniGameEngine\SDLMark1\SDLFrameWorkDefault\PositionComponent.h(19,16): warning C4244: '=': conversion from 'int' to 'float', possible loss of data
C:\Users\Games\Documents\GitHub\UniGameEngine\SDLMark1\SDLFrameWorkDefault\PositionComponent.h(24,16): warning C4244: '=': conversion from 'int' to 'float', possible loss of data
C:\Users\Games\Documents\GitHub\UniGameEngine\SDLMark1\SDLFrameWorkDefault\PositionComponent.h(25,16): warning C4244: '=': conversion from 'int' to 'float', possible loss of data
C:\Users\Games\Documents\GitHub\UniGameEngine\SDLMark1\SDLFrameWorkDefault\PositionComponent.h(32,16): warning C4244: '=': conversion from 'int' to 'float', possible loss of data
C:\Users\Games\Documents\GitHub\UniGameEngine\SDLMark1\SDLFrameWorkDefault\PositionComponent.h(33,16): warning C4244: '=': conversion from 'int' to 'float', possible loss of data
C:\Users\Games\Documents\GitHub\UniGameEngine\SDLMark1\SDLFrameWorkDefault\PositionComponent.h(44,33): warning C4244: 'argument': conversion from 'float' to 'int', possible loss of data
C:\Users\Games\Documents\GitHub\UniGameEngine\SDLMark1\SDLFrameWorkDefault\PositionComponent.h(44,21): warning C4244: 'argument': conversion from 'float' to 'int', possible loss of data
C:\Users\Games\Documents\GitHub\UniGameEngine\SDLMark1\SDLFrameWorkDefault\SpriteComponent.h(36,106): warning C4244: 'argument': conversion from 'float' to 'int', possible loss of data
C:\Users\Games\Documents\GitHub\UniGameEngine\SDLMark1\SDLFrameWorkDefault\SpriteComponent.h(36,73): warning C4244: 'argument': conversion from 'float' to 'int', possible loss of data
C:\Users\Games\Documents\GitHub\UniGameEngine\SDLMark1\SDLFrameWorkDefault\CollisionComponent.h(25,31): warning C4244: '=': conversion from 'int' to 'float', possible loss of data
C:\Users\Games\Documents\GitHub\UniGameEngine\SDLMark1\SDLFrameWorkDefault\CollisionComponent.h(26,31): warning C4244: '=': conversion from 'int' to 'float', possible loss of data
C:\Users\Games\Documents\GitHub\UniGameEngine\SDLMark1\SDLFrameWorkDefault\CollisionComponent.h(32,27): warning C4244: '=': conversion from 'float' to 'int', possible loss of data
C:\Users\Games\Documents\GitHub\UniGameEngine\SDLMark1\SDLFrameWorkDefault\CollisionComponent.h(33,27): warning C4244: '=': conversion from 'float' to 'int', possible loss of data
C:\Users\Games\Documents\GitHub\UniGameEngine\SDLMark1\SDLFrameWorkDefault\CollisionComponent.h(34,28): warning C4244: '=': conversion from 'float' to 'int', possible loss of data
C:\Users\Games\Documents\GitHub\UniGameEngine\SDLMark1\SDLFrameWorkDefault\CollisionComponent.h(35,28): warning C4244: '=': conversion from 'float' to 'int', possible loss of data
C:\Users\Games\Documents\GitHub\UniGameEngine\SDLMark1\SDLFrameWorkDefault\Main.cpp(22,11): warning C4101: 'myGhettoProfiler': unreferenced local variable
  Generating Code...
  SDLFrameWorkDefault.vcxproj -> C:\Users\Games\Documents\GitHub\UniGameEngine\SDLMark1\Debug\SDLFrameWorkDefault.exe
